<?xml version="1.0" encoding="UTF-8"?>
<!-- Generated by org.testng.reporters.JUnitReportReporter -->
<testsuite skipped="0" hostname="INCHCMLP02601" name="testcases.TC003_CreateLead" tests="2" failures="0" timestamp="03 Jun 2018 05:27:18 GMT" time="51.892" errors="0">
  <testcase name="createLead" time="25.224" classname="testcases.TC003_CreateLead"/>
  <testcase name="createLead" time="26.668" classname="testcases.TC003_CreateLead"/>
</testsuite> <!-- testcases.TC003_CreateLead -->
