<?xml version="1.0" encoding="UTF-8"?>
<!-- Generated by org.testng.reporters.JUnitReportReporter -->
<testsuite skipped="0" hostname="INCHCMLP02601" name="Grid.CrystalCruises" tests="1" failures="0" timestamp="10 Jun 2018 10:56:19 GMT" time="11.705" errors="0">
  <testcase name="crystalCruises" time="11.705" classname="Grid.CrystalCruises"/>
</testsuite> <!-- Grid.CrystalCruises -->
