<?xml version="1.0" encoding="UTF-8"?>
<!-- Generated by org.testng.reporters.JUnitReportReporter -->
<testsuite skipped="0" hostname="INCHCMLP02601" name="testcases.CreateLead" tests="1" failures="0" timestamp="26 May 2018 04:03:07 GMT" time="35.039" errors="0">
  <testcase name="signUp" time="35.039" classname="testcases.CreateLead"/>
</testsuite> <!-- testcases.CreateLead -->
