<?xml version="1.0" encoding="UTF-8"?>
<!-- Generated by org.testng.reporters.JUnitReportReporter -->
<testsuite skipped="0" hostname="INCHCMLP02601" name="testcases.Lead.EditLead" tests="1" failures="0" timestamp="27 May 2018 05:39:51 GMT" time="31.888" errors="0">
  <testcase name="editLead" time="31.888" classname="testcases.Lead.EditLead"/>
</testsuite> <!-- testcases.Lead.EditLead -->
