<?xml version="1.0" encoding="UTF-8"?>
<!-- Generated by org.testng.reporters.JUnitReportReporter -->
<testsuite skipped="0" hostname="INCHCMLP02601" name="testcases.Lead.MergeLead" tests="1" failures="0" timestamp="27 May 2018 04:00:57 GMT" time="43.498" errors="0">
  <testcase name="createLead" time="43.498" classname="testcases.Lead.MergeLead"/>
</testsuite> <!-- testcases.Lead.MergeLead -->
