<?xml version="1.0" encoding="UTF-8"?>
<!-- Generated by org.testng.reporters.JUnitReportReporter -->
<testsuite skipped="0" hostname="INCHCMLP02601" name="testcases.Lead.CreateLead" tests="1" failures="0" timestamp="03 Jun 2018 02:29:28 GMT" time="30.116" errors="0">
  <testcase name="createLead" time="30.116" classname="testcases.Lead.CreateLead"/>
</testsuite> <!-- testcases.Lead.CreateLead -->
